Determining if the pthread_create exist failed with the following output:
Change Dir: /home/odroid/catkin_ws/build/usb_cam/CMakeFiles/CMakeTmp

Run Build Command:"/usr/bin/make" "cmTC_89c67/fast"
/usr/bin/make -f CMakeFiles/cmTC_89c67.dir/build.make CMakeFiles/cmTC_89c67.dir/build
make[1]: Entering directory '/home/odroid/catkin_ws/build/usb_cam/CMakeFiles/CMakeTmp'
Building C object CMakeFiles/cmTC_89c67.dir/CheckSymbolExists.c.o
/usr/bin/cc     -o CMakeFiles/cmTC_89c67.dir/CheckSymbolExists.c.o   -c /home/odroid/catkin_ws/build/usb_cam/CMakeFiles/CMakeTmp/CheckSymbolExists.c
Linking C executable cmTC_89c67
/usr/bin/cmake -E cmake_link_script CMakeFiles/cmTC_89c67.dir/link.txt --verbose=1
/usr/bin/cc       CMakeFiles/cmTC_89c67.dir/CheckSymbolExists.c.o  -o cmTC_89c67 -rdynamic 
CMakeFiles/cmTC_89c67.dir/CheckSymbolExists.c.o: In function `main':
CheckSymbolExists.c:(.text+0xe): undefined reference to `pthread_create'
CheckSymbolExists.c:(.text+0x12): undefined reference to `pthread_create'
collect2: error: ld returned 1 exit status
CMakeFiles/cmTC_89c67.dir/build.make:97: recipe for target 'cmTC_89c67' failed
make[1]: *** [cmTC_89c67] Error 1
make[1]: Leaving directory '/home/odroid/catkin_ws/build/usb_cam/CMakeFiles/CMakeTmp'
Makefile:126: recipe for target 'cmTC_89c67/fast' failed
make: *** [cmTC_89c67/fast] Error 2

File /home/odroid/catkin_ws/build/usb_cam/CMakeFiles/CMakeTmp/CheckSymbolExists.c:
/* */
#include <pthread.h>

int main(int argc, char** argv)
{
  (void)argv;
#ifndef pthread_create
  return ((int*)(&pthread_create))[argc];
#else
  (void)argc;
  return 0;
#endif
}

Determining if the function pthread_create exists in the pthreads failed with the following output:
Change Dir: /home/odroid/catkin_ws/build/usb_cam/CMakeFiles/CMakeTmp

Run Build Command:"/usr/bin/make" "cmTC_4e996/fast"
/usr/bin/make -f CMakeFiles/cmTC_4e996.dir/build.make CMakeFiles/cmTC_4e996.dir/build
make[1]: Entering directory '/home/odroid/catkin_ws/build/usb_cam/CMakeFiles/CMakeTmp'
Building C object CMakeFiles/cmTC_4e996.dir/CheckFunctionExists.c.o
/usr/bin/cc    -DCHECK_FUNCTION_EXISTS=pthread_create   -o CMakeFiles/cmTC_4e996.dir/CheckFunctionExists.c.o   -c /usr/share/cmake-3.5/Modules/CheckFunctionExists.c
Linking C executable cmTC_4e996
/usr/bin/cmake -E cmake_link_script CMakeFiles/cmTC_4e996.dir/link.txt --verbose=1
/usr/bin/cc   -DCHECK_FUNCTION_EXISTS=pthread_create    CMakeFiles/cmTC_4e996.dir/CheckFunctionExists.c.o  -o cmTC_4e996 -rdynamic -lpthreads 
/usr/bin/ld: cannot find -lpthreads
collect2: error: ld returned 1 exit status
CMakeFiles/cmTC_4e996.dir/build.make:97: recipe for target 'cmTC_4e996' failed
make[1]: *** [cmTC_4e996] Error 1
make[1]: Leaving directory '/home/odroid/catkin_ws/build/usb_cam/CMakeFiles/CMakeTmp'
Makefile:126: recipe for target 'cmTC_4e996/fast' failed
make: *** [cmTC_4e996/fast] Error 2


