Determining if the pthread_create exist failed with the following output:
Change Dir: /home/odroid/catkin_ws/build/my_package/CMakeFiles/CMakeTmp

Run Build Command:"/usr/bin/make" "cmTC_67d61/fast"
/usr/bin/make -f CMakeFiles/cmTC_67d61.dir/build.make CMakeFiles/cmTC_67d61.dir/build
make[1]: Entering directory '/home/odroid/catkin_ws/build/my_package/CMakeFiles/CMakeTmp'
Building C object CMakeFiles/cmTC_67d61.dir/CheckSymbolExists.c.o
/usr/bin/cc     -o CMakeFiles/cmTC_67d61.dir/CheckSymbolExists.c.o   -c /home/odroid/catkin_ws/build/my_package/CMakeFiles/CMakeTmp/CheckSymbolExists.c
Linking C executable cmTC_67d61
/usr/bin/cmake -E cmake_link_script CMakeFiles/cmTC_67d61.dir/link.txt --verbose=1
/usr/bin/cc       CMakeFiles/cmTC_67d61.dir/CheckSymbolExists.c.o  -o cmTC_67d61 -rdynamic 
CMakeFiles/cmTC_67d61.dir/CheckSymbolExists.c.o: In function `main':
CheckSymbolExists.c:(.text+0xe): undefined reference to `pthread_create'
CheckSymbolExists.c:(.text+0x12): undefined reference to `pthread_create'
collect2: error: ld returned 1 exit status
CMakeFiles/cmTC_67d61.dir/build.make:97: recipe for target 'cmTC_67d61' failed
make[1]: *** [cmTC_67d61] Error 1
make[1]: Leaving directory '/home/odroid/catkin_ws/build/my_package/CMakeFiles/CMakeTmp'
Makefile:126: recipe for target 'cmTC_67d61/fast' failed
make: *** [cmTC_67d61/fast] Error 2

File /home/odroid/catkin_ws/build/my_package/CMakeFiles/CMakeTmp/CheckSymbolExists.c:
/* */
#include <pthread.h>

int main(int argc, char** argv)
{
  (void)argv;
#ifndef pthread_create
  return ((int*)(&pthread_create))[argc];
#else
  (void)argc;
  return 0;
#endif
}

Determining if the function pthread_create exists in the pthreads failed with the following output:
Change Dir: /home/odroid/catkin_ws/build/my_package/CMakeFiles/CMakeTmp

Run Build Command:"/usr/bin/make" "cmTC_4113c/fast"
/usr/bin/make -f CMakeFiles/cmTC_4113c.dir/build.make CMakeFiles/cmTC_4113c.dir/build
make[1]: Entering directory '/home/odroid/catkin_ws/build/my_package/CMakeFiles/CMakeTmp'
Building C object CMakeFiles/cmTC_4113c.dir/CheckFunctionExists.c.o
/usr/bin/cc    -DCHECK_FUNCTION_EXISTS=pthread_create   -o CMakeFiles/cmTC_4113c.dir/CheckFunctionExists.c.o   -c /usr/share/cmake-3.5/Modules/CheckFunctionExists.c
Linking C executable cmTC_4113c
/usr/bin/cmake -E cmake_link_script CMakeFiles/cmTC_4113c.dir/link.txt --verbose=1
/usr/bin/cc   -DCHECK_FUNCTION_EXISTS=pthread_create    CMakeFiles/cmTC_4113c.dir/CheckFunctionExists.c.o  -o cmTC_4113c -rdynamic -lpthreads 
/usr/bin/ld: cannot find -lpthreads
collect2: error: ld returned 1 exit status
CMakeFiles/cmTC_4113c.dir/build.make:97: recipe for target 'cmTC_4113c' failed
make[1]: *** [cmTC_4113c] Error 1
make[1]: Leaving directory '/home/odroid/catkin_ws/build/my_package/CMakeFiles/CMakeTmp'
Makefile:126: recipe for target 'cmTC_4113c/fast' failed
make: *** [cmTC_4113c/fast] Error 2


