Determining if the pthread_create exist failed with the following output:
Change Dir: /home/odroid/catkin_ws/build/image_transport/CMakeFiles/CMakeTmp

Run Build Command:"/usr/bin/make" "cmTC_ef458/fast"
/usr/bin/make -f CMakeFiles/cmTC_ef458.dir/build.make CMakeFiles/cmTC_ef458.dir/build
make[1]: Entering directory '/home/odroid/catkin_ws/build/image_transport/CMakeFiles/CMakeTmp'
Building C object CMakeFiles/cmTC_ef458.dir/CheckSymbolExists.c.o
/usr/bin/cc     -o CMakeFiles/cmTC_ef458.dir/CheckSymbolExists.c.o   -c /home/odroid/catkin_ws/build/image_transport/CMakeFiles/CMakeTmp/CheckSymbolExists.c
Linking C executable cmTC_ef458
/usr/bin/cmake -E cmake_link_script CMakeFiles/cmTC_ef458.dir/link.txt --verbose=1
/usr/bin/cc       CMakeFiles/cmTC_ef458.dir/CheckSymbolExists.c.o  -o cmTC_ef458 -rdynamic 
CMakeFiles/cmTC_ef458.dir/CheckSymbolExists.c.o: In function `main':
CheckSymbolExists.c:(.text+0xe): undefined reference to `pthread_create'
CheckSymbolExists.c:(.text+0x12): undefined reference to `pthread_create'
collect2: error: ld returned 1 exit status
CMakeFiles/cmTC_ef458.dir/build.make:97: recipe for target 'cmTC_ef458' failed
make[1]: *** [cmTC_ef458] Error 1
make[1]: Leaving directory '/home/odroid/catkin_ws/build/image_transport/CMakeFiles/CMakeTmp'
Makefile:126: recipe for target 'cmTC_ef458/fast' failed
make: *** [cmTC_ef458/fast] Error 2

File /home/odroid/catkin_ws/build/image_transport/CMakeFiles/CMakeTmp/CheckSymbolExists.c:
/* */
#include <pthread.h>

int main(int argc, char** argv)
{
  (void)argv;
#ifndef pthread_create
  return ((int*)(&pthread_create))[argc];
#else
  (void)argc;
  return 0;
#endif
}

Determining if the function pthread_create exists in the pthreads failed with the following output:
Change Dir: /home/odroid/catkin_ws/build/image_transport/CMakeFiles/CMakeTmp

Run Build Command:"/usr/bin/make" "cmTC_1af1a/fast"
/usr/bin/make -f CMakeFiles/cmTC_1af1a.dir/build.make CMakeFiles/cmTC_1af1a.dir/build
make[1]: Entering directory '/home/odroid/catkin_ws/build/image_transport/CMakeFiles/CMakeTmp'
Building C object CMakeFiles/cmTC_1af1a.dir/CheckFunctionExists.c.o
/usr/bin/cc    -DCHECK_FUNCTION_EXISTS=pthread_create   -o CMakeFiles/cmTC_1af1a.dir/CheckFunctionExists.c.o   -c /usr/share/cmake-3.5/Modules/CheckFunctionExists.c
Linking C executable cmTC_1af1a
/usr/bin/cmake -E cmake_link_script CMakeFiles/cmTC_1af1a.dir/link.txt --verbose=1
/usr/bin/cc   -DCHECK_FUNCTION_EXISTS=pthread_create    CMakeFiles/cmTC_1af1a.dir/CheckFunctionExists.c.o  -o cmTC_1af1a -rdynamic -lpthreads 
/usr/bin/ld: cannot find -lpthreads
collect2: error: ld returned 1 exit status
CMakeFiles/cmTC_1af1a.dir/build.make:97: recipe for target 'cmTC_1af1a' failed
make[1]: *** [cmTC_1af1a] Error 1
make[1]: Leaving directory '/home/odroid/catkin_ws/build/image_transport/CMakeFiles/CMakeTmp'
Makefile:126: recipe for target 'cmTC_1af1a/fast' failed
make: *** [cmTC_1af1a/fast] Error 2


