[35m[1mScanning dependencies of target sensor_msgs_generate_messages_eus[0m
[35m[1mScanning dependencies of target sensor_msgs_generate_messages_py[0m
[35m[1mScanning dependencies of target geometry_msgs_generate_messages_eus[0m
[35m[1mScanning dependencies of target geometry_msgs_generate_messages_lisp[0m
[35m[1mScanning dependencies of target sensor_msgs_generate_messages_lisp[0m
[35m[1mScanning dependencies of target geometry_msgs_generate_messages_nodejs[0m
[35m[1mScanning dependencies of target roscpp_generate_messages_eus[0m
[  0%] Built target sensor_msgs_generate_messages_eus
[  0%] Built target sensor_msgs_generate_messages_py
[  0%] Built target geometry_msgs_generate_messages_eus
[  0%] Built target roscpp_generate_messages_eus
[35m[1mScanning dependencies of target std_msgs_generate_messages_py[0m
[  0%] Built target sensor_msgs_generate_messages_lisp
[  0%] Built target geometry_msgs_generate_messages_nodejs
[35m[1mScanning dependencies of target roscpp_generate_messages_py[0m
[  0%] Built target geometry_msgs_generate_messages_lisp
[35m[1mScanning dependencies of target rosgraph_msgs_generate_messages_py[0m
[35m[1mScanning dependencies of target sensor_msgs_generate_messages_nodejs[0m
[35m[1mScanning dependencies of target geometry_msgs_generate_messages_py[0m
[35m[1mScanning dependencies of target geometry_msgs_generate_messages_cpp[0m
[  0%] Built target std_msgs_generate_messages_py
[35m[1mScanning dependencies of target sensor_msgs_generate_messages_cpp[0m
[  0%] Built target roscpp_generate_messages_py
[  0%] Built target rosgraph_msgs_generate_messages_py
[  0%] Built target sensor_msgs_generate_messages_nodejs
[35m[1mScanning dependencies of target roscpp_generate_messages_cpp[0m
[  0%] Built target geometry_msgs_generate_messages_py
[  0%] Built target geometry_msgs_generate_messages_cpp
[35m[1mScanning dependencies of target roscpp_generate_messages_lisp[0m
[35m[1mScanning dependencies of target rosgraph_msgs_generate_messages_eus[0m
[  0%] Built target sensor_msgs_generate_messages_cpp
[35m[1mScanning dependencies of target rosgraph_msgs_generate_messages_cpp[0m
[  0%] Built target roscpp_generate_messages_cpp
[  0%] Built target roscpp_generate_messages_lisp
[  0%] Built target rosgraph_msgs_generate_messages_eus
[35m[1mScanning dependencies of target rosgraph_msgs_generate_messages_nodejs[0m
[35m[1mScanning dependencies of target rosgraph_msgs_generate_messages_lisp[0m
[  0%] Built target rosgraph_msgs_generate_messages_cpp
[35m[1mScanning dependencies of target std_msgs_generate_messages_cpp[0m
[35m[1mScanning dependencies of target roscpp_generate_messages_nodejs[0m
[35m[1mScanning dependencies of target std_msgs_generate_messages_eus[0m
[35m[1mScanning dependencies of target std_msgs_generate_messages_nodejs[0m
[  0%] Built target rosgraph_msgs_generate_messages_nodejs
[35m[1mScanning dependencies of target std_msgs_generate_messages_lisp[0m
[  0%] Built target rosgraph_msgs_generate_messages_lisp
[  0%] Built target std_msgs_generate_messages_cpp
[  0%] Built target roscpp_generate_messages_nodejs
[  0%] Built target std_msgs_generate_messages_eus
[  0%] Built target std_msgs_generate_messages_lisp
[  0%] Built target std_msgs_generate_messages_nodejs
[35m[1mScanning dependencies of target image_transport[0m
[  6%] [32mBuilding CXX object CMakeFiles/image_transport.dir/src/camera_common.cpp.o[0m
[ 13%] [32mBuilding CXX object CMakeFiles/image_transport.dir/src/camera_subscriber.cpp.o[0m
[ 26%] [32mBuilding CXX object CMakeFiles/image_transport.dir/src/camera_publisher.cpp.o[0m
[ 26%] [32mBuilding CXX object CMakeFiles/image_transport.dir/src/single_subscriber_publisher.cpp.o[0m
[ 33%] [32mBuilding CXX object CMakeFiles/image_transport.dir/src/publisher.cpp.o[0m
[ 46%] [32mBuilding CXX object CMakeFiles/image_transport.dir/src/subscriber.cpp.o[0m
[ 46%] [32mBuilding CXX object CMakeFiles/image_transport.dir/src/image_transport.cpp.o[0m
[ 53%] [32m[1mLinking CXX shared library /home/odroid/catkin_ws/devel/.private/image_transport/lib/libimage_transport.so[0m
[ 53%] Built target image_transport
[35m[1mScanning dependencies of target list_transports[0m
[35m[1mScanning dependencies of target image_transport_plugins[0m
[35m[1mScanning dependencies of target republish[0m
[ 60%] [32mBuilding CXX object CMakeFiles/list_transports.dir/src/list_transports.cpp.o[0m
[ 73%] [32mBuilding CXX object CMakeFiles/image_transport_plugins.dir/src/raw_publisher.cpp.o[0m
[ 73%] [32mBuilding CXX object CMakeFiles/image_transport_plugins.dir/src/manifest.cpp.o[0m
[ 80%] [32mBuilding CXX object CMakeFiles/republish.dir/src/republish.cpp.o[0m
[ 86%] [32m[1mLinking CXX executable /home/odroid/catkin_ws/devel/.private/image_transport/lib/image_transport/republish[0m
[ 93%] [32m[1mLinking CXX executable /home/odroid/catkin_ws/devel/.private/image_transport/lib/image_transport/list_transports[0m
[ 93%] Built target republish
[ 93%] Built target list_transports
[100%] [32m[1mLinking CXX shared library /home/odroid/catkin_ws/devel/.private/image_transport/lib/libimage_transport_plugins.so[0m
[100%] Built target image_transport_plugins
