Not searching for unused variables given on the command line.
[36m--[0m Using CATKIN_DEVEL_PREFIX: /home/odroid/catkin_ws/devel/.private/usb_cam
[36m--[0m Using CMAKE_PREFIX_PATH: /home/odroid/catkin_ws/devel;/opt/ros/kinetic
[36m--[0m This workspace overlays: /home/odroid/catkin_ws/devel;/opt/ros/kinetic
[36m--[0m Using PYTHON_EXECUTABLE: /usr/bin/python
[36m--[0m Using Debian Python package layout
[36m--[0m Using empy: /usr/bin/empy
[36m--[0m Using CATKIN_ENABLE_TESTING: ON
[36m--[0m Call enable_testing()
[36m--[0m Using CATKIN_TEST_RESULTS_DIR: /home/odroid/catkin_ws/build/usb_cam/test_results
[36m--[0m Found gmock sources under '/usr/src/gmock': gmock will be built
[36m--[0m Found gtest sources under '/usr/src/gmock': gtests will be built
[36m--[0m Using Python nosetests: /usr/bin/nosetests-2.7
[36m--[0m catkin 0.7.18
[36m--[0m BUILD_SHARED_LIBS is on
[36m--[0m Checking for module 'libavcodec'
[36m--[0m   No package 'libavcodec' found
[31m[1mCMake Error[0m at /usr/share/cmake-3.5/Modules/FindPkgConfig.cmake:367 (message):
  A required package was not found
[36mCall Stack (most recent call first):[0m
  /usr/share/cmake-3.5/Modules/FindPkgConfig.cmake:532 (_pkg_check_modules_internal)
  CMakeLists.txt:11 (pkg_check_modules)


[36m--[0m Configuring incomplete, errors occurred!
See also "/home/odroid/catkin_ws/build/usb_cam/CMakeFiles/CMakeOutput.log".
See also "/home/odroid/catkin_ws/build/usb_cam/CMakeFiles/CMakeError.log".
