[35m[1mScanning dependencies of target geometry_msgs_generate_messages_nodejs[0m
[35m[1mScanning dependencies of target sensor_msgs_generate_messages_eus[0m
[35m[1mScanning dependencies of target _polled_camera_generate_messages_check_deps_GetPolledImage[0m
[35m[1mScanning dependencies of target std_msgs_generate_messages_lisp[0m
[35m[1mScanning dependencies of target std_msgs_generate_messages_nodejs[0m
[35m[1mScanning dependencies of target sensor_msgs_generate_messages_py[0m
[35m[1mScanning dependencies of target std_msgs_generate_messages_py[0m
[  0%] Built target geometry_msgs_generate_messages_nodejs
[  0%] Built target sensor_msgs_generate_messages_eus
[  0%] Built target std_msgs_generate_messages_lisp
[  0%] Built target std_msgs_generate_messages_nodejs
[35m[1mScanning dependencies of target std_msgs_generate_messages_eus[0m
[  0%] Built target std_msgs_generate_messages_py
[  0%] Built target sensor_msgs_generate_messages_py
[35m[1mScanning dependencies of target rosgraph_msgs_generate_messages_lisp[0m
[35m[1mScanning dependencies of target rosgraph_msgs_generate_messages_eus[0m
[35m[1mScanning dependencies of target rosgraph_msgs_generate_messages_nodejs[0m
[35m[1mScanning dependencies of target rosgraph_msgs_generate_messages_cpp[0m
[  0%] Built target rosgraph_msgs_generate_messages_lisp
[35m[1mScanning dependencies of target roscpp_generate_messages_nodejs[0m
[  0%] Built target std_msgs_generate_messages_eus
[  0%] Built target rosgraph_msgs_generate_messages_nodejs
[  0%] Built target rosgraph_msgs_generate_messages_cpp
[  0%] Built target rosgraph_msgs_generate_messages_eus
[  0%] Built target _polled_camera_generate_messages_check_deps_GetPolledImage
[  0%] Built target roscpp_generate_messages_nodejs
[35m[1mScanning dependencies of target sensor_msgs_generate_messages_nodejs[0m
[35m[1mScanning dependencies of target geometry_msgs_generate_messages_py[0m
[35m[1mScanning dependencies of target rosgraph_msgs_generate_messages_py[0m
[35m[1mScanning dependencies of target std_msgs_generate_messages_cpp[0m
[35m[1mScanning dependencies of target geometry_msgs_generate_messages_cpp[0m
[35m[1mScanning dependencies of target sensor_msgs_generate_messages_cpp[0m
[  0%] Built target sensor_msgs_generate_messages_nodejs
[35m[1mScanning dependencies of target roscpp_generate_messages_cpp[0m
[  0%] Built target geometry_msgs_generate_messages_py
[  0%] Built target rosgraph_msgs_generate_messages_py
[  0%] Built target sensor_msgs_generate_messages_cpp
[  0%] Built target geometry_msgs_generate_messages_cpp
[  0%] Built target std_msgs_generate_messages_cpp
[35m[1mScanning dependencies of target sensor_msgs_generate_messages_lisp[0m
[  0%] Built target roscpp_generate_messages_cpp
[35m[1mScanning dependencies of target roscpp_generate_messages_py[0m
[35m[1mScanning dependencies of target roscpp_generate_messages_eus[0m
[  0%] Built target sensor_msgs_generate_messages_lisp
[35m[1mScanning dependencies of target geometry_msgs_generate_messages_eus[0m
[35m[1mScanning dependencies of target roscpp_generate_messages_lisp[0m
[35m[1mScanning dependencies of target geometry_msgs_generate_messages_lisp[0m
[  0%] Built target roscpp_generate_messages_py
[  0%] Built target roscpp_generate_messages_eus
[35m[1mScanning dependencies of target polled_camera_generate_messages_nodejs[0m
[35m[1mScanning dependencies of target polled_camera_generate_messages_py[0m
[  0%] Built target geometry_msgs_generate_messages_lisp
[35m[1mScanning dependencies of target polled_camera_generate_messages_eus[0m
[  0%] Built target roscpp_generate_messages_lisp
[  0%] Built target geometry_msgs_generate_messages_eus
[35m[1mScanning dependencies of target polled_camera_generate_messages_cpp[0m
[  9%] [34m[1mGenerating Javascript code from polled_camera/GetPolledImage.srv[0m
[35m[1mScanning dependencies of target polled_camera_generate_messages_lisp[0m
[ 18%] [34m[1mGenerating EusLisp code from polled_camera/GetPolledImage.srv[0m
[ 27%] [34m[1mGenerating Python code from SRV polled_camera/GetPolledImage[0m
[ 36%] [34m[1mGenerating C++ code from polled_camera/GetPolledImage.srv[0m
[ 45%] [34m[1mGenerating EusLisp manifest code for polled_camera[0m
[ 54%] [34m[1mGenerating Lisp code from polled_camera/GetPolledImage.srv[0m
[ 54%] Built target polled_camera_generate_messages_nodejs
[ 63%] [34m[1mGenerating Python srv __init__.py for polled_camera[0m
[ 63%] Built target polled_camera_generate_messages_lisp
[ 63%] Built target polled_camera_generate_messages_py
[ 63%] Built target polled_camera_generate_messages_cpp
[ 63%] Built target polled_camera_generate_messages_eus
[35m[1mScanning dependencies of target polled_camera_generate_messages[0m
[35m[1mScanning dependencies of target polled_camera[0m
[ 63%] Built target polled_camera_generate_messages
[ 72%] [32mBuilding CXX object CMakeFiles/polled_camera.dir/src/publication_server.cpp.o[0m
[ 81%] [32m[1mLinking CXX shared library /home/odroid/catkin_ws/devel/.private/polled_camera/lib/libpolled_camera.so[0m
[ 81%] Built target polled_camera
[35m[1mScanning dependencies of target poller[0m
[ 90%] [32mBuilding CXX object CMakeFiles/poller.dir/src/poller.cpp.o[0m
[100%] [32m[1mLinking CXX executable /home/odroid/catkin_ws/devel/.private/polled_camera/lib/polled_camera/poller[0m
[100%] Built target poller
