Linked: (/home/odroid/catkin_ws/devel/.private/polled_camera/share/common-lisp/ros/polled_camera/srv/_package.lisp, /home/odroid/catkin_ws/devel/share/common-lisp/ros/polled_camera/srv/_package.lisp)
Linked: (/home/odroid/catkin_ws/devel/.private/polled_camera/share/common-lisp/ros/polled_camera/srv/polled_camera-srv.asd, /home/odroid/catkin_ws/devel/share/common-lisp/ros/polled_camera/srv/polled_camera-srv.asd)
Linked: (/home/odroid/catkin_ws/devel/.private/polled_camera/share/common-lisp/ros/polled_camera/srv/_package_GetPolledImage.lisp, /home/odroid/catkin_ws/devel/share/common-lisp/ros/polled_camera/srv/_package_GetPolledImage.lisp)
Linked: (/home/odroid/catkin_ws/devel/.private/polled_camera/share/common-lisp/ros/polled_camera/srv/GetPolledImage.lisp, /home/odroid/catkin_ws/devel/share/common-lisp/ros/polled_camera/srv/GetPolledImage.lisp)
Linked: (/home/odroid/catkin_ws/devel/.private/polled_camera/share/roseus/ros/polled_camera/manifest.l, /home/odroid/catkin_ws/devel/share/roseus/ros/polled_camera/manifest.l)
Linked: (/home/odroid/catkin_ws/devel/.private/polled_camera/share/roseus/ros/polled_camera/srv/GetPolledImage.l, /home/odroid/catkin_ws/devel/share/roseus/ros/polled_camera/srv/GetPolledImage.l)
Linked: (/home/odroid/catkin_ws/devel/.private/polled_camera/share/gennodejs/ros/polled_camera/_index.js, /home/odroid/catkin_ws/devel/share/gennodejs/ros/polled_camera/_index.js)
Linked: (/home/odroid/catkin_ws/devel/.private/polled_camera/share/gennodejs/ros/polled_camera/srv/GetPolledImage.js, /home/odroid/catkin_ws/devel/share/gennodejs/ros/polled_camera/srv/GetPolledImage.js)
Linked: (/home/odroid/catkin_ws/devel/.private/polled_camera/share/gennodejs/ros/polled_camera/srv/_index.js, /home/odroid/catkin_ws/devel/share/gennodejs/ros/polled_camera/srv/_index.js)
Linked: (/home/odroid/catkin_ws/devel/.private/polled_camera/share/polled_camera/cmake/polled_cameraConfig.cmake, /home/odroid/catkin_ws/devel/share/polled_camera/cmake/polled_cameraConfig.cmake)
Linked: (/home/odroid/catkin_ws/devel/.private/polled_camera/share/polled_camera/cmake/polled_camera-msg-extras.cmake, /home/odroid/catkin_ws/devel/share/polled_camera/cmake/polled_camera-msg-extras.cmake)
Linked: (/home/odroid/catkin_ws/devel/.private/polled_camera/share/polled_camera/cmake/polled_cameraConfig-version.cmake, /home/odroid/catkin_ws/devel/share/polled_camera/cmake/polled_cameraConfig-version.cmake)
Linked: (/home/odroid/catkin_ws/devel/.private/polled_camera/share/polled_camera/cmake/polled_camera-msg-paths.cmake, /home/odroid/catkin_ws/devel/share/polled_camera/cmake/polled_camera-msg-paths.cmake)
Linked: (/home/odroid/catkin_ws/devel/.private/polled_camera/lib/libpolled_camera.so, /home/odroid/catkin_ws/devel/lib/libpolled_camera.so)
Linked: (/home/odroid/catkin_ws/devel/.private/polled_camera/lib/pkgconfig/polled_camera.pc, /home/odroid/catkin_ws/devel/lib/pkgconfig/polled_camera.pc)
Linked: (/home/odroid/catkin_ws/devel/.private/polled_camera/lib/python2.7/dist-packages/polled_camera/__init__.py, /home/odroid/catkin_ws/devel/lib/python2.7/dist-packages/polled_camera/__init__.py)
Linked: (/home/odroid/catkin_ws/devel/.private/polled_camera/lib/python2.7/dist-packages/polled_camera/srv/__init__.py, /home/odroid/catkin_ws/devel/lib/python2.7/dist-packages/polled_camera/srv/__init__.py)
Linked: (/home/odroid/catkin_ws/devel/.private/polled_camera/lib/python2.7/dist-packages/polled_camera/srv/_GetPolledImage.py, /home/odroid/catkin_ws/devel/lib/python2.7/dist-packages/polled_camera/srv/_GetPolledImage.py)
Linked: (/home/odroid/catkin_ws/devel/.private/polled_camera/lib/polled_camera/poller, /home/odroid/catkin_ws/devel/lib/polled_camera/poller)
Linked: (/home/odroid/catkin_ws/devel/.private/polled_camera/include/polled_camera/GetPolledImageResponse.h, /home/odroid/catkin_ws/devel/include/polled_camera/GetPolledImageResponse.h)
Linked: (/home/odroid/catkin_ws/devel/.private/polled_camera/include/polled_camera/GetPolledImageRequest.h, /home/odroid/catkin_ws/devel/include/polled_camera/GetPolledImageRequest.h)
Linked: (/home/odroid/catkin_ws/devel/.private/polled_camera/include/polled_camera/GetPolledImage.h, /home/odroid/catkin_ws/devel/include/polled_camera/GetPolledImage.h)
